c:\users\saq\source\repos\dx__cpl\tateshooo_v5 - コピー\window\debug\vc141.pdb
c:\users\saq\source\repos\dx__cpl\tateshooo_v5 - コピー\window\debug\vc141.idb
c:\users\saq\source\repos\dx__cpl\tateshooo_v5 - コピー\window\debug\system_timer.obj
c:\users\saq\source\repos\dx__cpl\tateshooo_v5 - コピー\window\debug\sound.obj
c:\users\saq\source\repos\dx__cpl\tateshooo_v5 - コピー\window\debug\mydirect3d.obj
c:\users\saq\source\repos\dx__cpl\tateshooo_v5 - コピー\window\debug\mouse.obj
c:\users\saq\source\repos\dx__cpl\tateshooo_v5 - コピー\window\debug\main.obj
c:\users\saq\source\repos\dx__cpl\tateshooo_v5 - コピー\window\debug\key_manager.obj
c:\users\saq\source\repos\dx__cpl\tateshooo_v5 - コピー\window\debug\keyboard.obj
c:\users\saq\source\repos\dx__cpl\tateshooo_v5 - コピー\window\debug\texture.obj
c:\users\saq\source\repos\dx__cpl\tateshooo_v5 - コピー\window\debug\game.obj
c:\users\saq\source\repos\dx__cpl\tateshooo_v5 - コピー\window\debug\debug_primitive.obj
c:\users\saq\source\repos\dx__cpl\tateshooo_v5 - コピー\window\debug\fade.obj
c:\users\saq\source\repos\dx__cpl\tateshooo_v5 - コピー\window\debug\debug_font.obj
c:\users\saq\source\repos\dx__cpl\tateshooo_v5 - コピー\window\debug\sprite.obj
c:\users\saq\source\repos\dx__cpl\tateshooo_v5 - コピー\window\debug\player_test.obj
c:\users\saq\source\repos\dx__cpl\tateshooo_v5 - コピー\window\debug\enemy_test.obj
c:\users\saq\source\repos\dx__cpl\tateshooo_v5 - コピー\debug\window.exe
c:\users\saq\source\repos\dx__cpl\tateshooo_v5 - コピー\debug\window.ilk
c:\users\saq\source\repos\dx__cpl\tateshooo_v5 - コピー\debug\window.pdb
c:\users\saq\source\repos\dx__cpl\tateshooo_v5 - コピー\window\debug\window.tlog\cl.command.1.tlog
c:\users\saq\source\repos\dx__cpl\tateshooo_v5 - コピー\window\debug\window.tlog\cl.read.1.tlog
c:\users\saq\source\repos\dx__cpl\tateshooo_v5 - コピー\window\debug\window.tlog\cl.write.1.tlog
c:\users\saq\source\repos\dx__cpl\tateshooo_v5 - コピー\window\debug\window.tlog\link.command.1.tlog
c:\users\saq\source\repos\dx__cpl\tateshooo_v5 - コピー\window\debug\window.tlog\link.read.1.tlog
c:\users\saq\source\repos\dx__cpl\tateshooo_v5 - コピー\window\debug\window.tlog\link.write.1.tlog
