c:\users\saq\source\repos\hew\folder\window\x64\debug\vc141.pdb
c:\users\saq\source\repos\hew\folder\window\x64\debug\vc141.idb
c:\users\saq\source\repos\hew\folder\window\x64\debug\texture.obj
c:\users\saq\source\repos\hew\folder\window\x64\debug\system_timer.obj
c:\users\saq\source\repos\hew\folder\window\x64\debug\sprite.obj
c:\users\saq\source\repos\hew\folder\window\x64\debug\sound.obj
c:\users\saq\source\repos\hew\folder\window\x64\debug\player.obj
c:\users\saq\source\repos\hew\folder\window\x64\debug\mydirect3d.obj
c:\users\saq\source\repos\hew\folder\window\x64\debug\mouse.obj
c:\users\saq\source\repos\hew\folder\window\x64\debug\main.obj
c:\users\saq\source\repos\hew\folder\window\x64\debug\key_manager.obj
c:\users\saq\source\repos\hew\folder\window\x64\debug\keyboard.obj
c:\users\saq\source\repos\hew\folder\window\x64\debug\game.obj
c:\users\saq\source\repos\hew\folder\window\x64\debug\debug_font.obj
c:\users\saq\source\repos\hew\folder\window\x64\debug\fade.obj
c:\users\saq\source\repos\hew\folder\window\x64\debug\debug_primitive.obj
c:\users\saq\source\repos\hew\folder\window\x64\debug\collision.obj
c:\users\saq\source\repos\hew\folder\window\x64\debug\block_manager.obj
c:\users\saq\source\repos\hew\folder\window\x64\debug\block.obj
c:\users\saq\source\repos\hew\folder\window\x64\debug\judge.obj
c:\users\saq\source\repos\hew\folder\window\x64\debug\chichan.obj
c:\users\saq\source\repos\hew\folder\x64\debug\window.exe
c:\users\saq\source\repos\hew\folder\x64\debug\window.ilk
c:\users\saq\source\repos\hew\folder\x64\debug\window.pdb
c:\users\saq\source\repos\hew\folder\window\x64\debug\object.obj
c:\users\saq\source\repos\hew\folder\window\x64\debug\window.tlog\cl.command.1.tlog
c:\users\saq\source\repos\hew\folder\window\x64\debug\window.tlog\cl.read.1.tlog
c:\users\saq\source\repos\hew\folder\window\x64\debug\window.tlog\cl.write.1.tlog
c:\users\saq\source\repos\hew\folder\window\x64\debug\window.tlog\link.command.1.tlog
c:\users\saq\source\repos\hew\folder\window\x64\debug\window.tlog\link.read.1.tlog
c:\users\saq\source\repos\hew\folder\window\x64\debug\window.tlog\link.write.1.tlog
