c:\users\saq\source\repos\dx_kadai\tateshooo_v4\window\release\vc141.pdb
c:\users\saq\source\repos\dx_kadai\tateshooo_v4\window\release\mydirect3d.obj
c:\users\saq\source\repos\dx_kadai\tateshooo_v4\window\release\mouse.obj
c:\users\saq\source\repos\dx_kadai\tateshooo_v4\window\release\main.obj
c:\users\saq\source\repos\dx_kadai\tateshooo_v4\window\release\key_manager.obj
c:\users\saq\source\repos\dx_kadai\tateshooo_v4\window\release\keyboard.obj
c:\users\saq\source\repos\dx_kadai\tateshooo_v4\window\release\game_powerup.obj
c:\users\saq\source\repos\dx_kadai\tateshooo_v4\window\release\game_player.obj
c:\users\saq\source\repos\dx_kadai\tateshooo_v4\window\release\game_judgement.obj
c:\users\saq\source\repos\dx_kadai\tateshooo_v4\window\release\game_enemy.obj
c:\users\saq\source\repos\dx_kadai\tateshooo_v4\window\release\effect.obj
c:\users\saq\source\repos\dx_kadai\tateshooo_v4\window\release\game.obj
c:\users\saq\source\repos\dx_kadai\tateshooo_v4\window\release\debug_font.obj
c:\users\saq\source\repos\dx_kadai\tateshooo_v4\window\release\game_bullet.obj
c:\users\saq\source\repos\dx_kadai\tateshooo_v4\window\release\gameover.obj
c:\users\saq\source\repos\dx_kadai\tateshooo_v4\window\release\fade.obj
c:\users\saq\source\repos\dx_kadai\tateshooo_v4\window\release\explosion.obj
c:\users\saq\source\repos\dx_kadai\tateshooo_v4\window\release\combo.obj
c:\users\saq\source\repos\dx_kadai\tateshooo_v4\window\release\collision.obj
c:\users\saq\source\repos\dx_kadai\tateshooo_v4\window\release\boss.obj
c:\users\saq\source\repos\dx_kadai\tateshooo_v4\window\release\bg.obj
c:\users\saq\source\repos\dx_kadai\tateshooo_v4\window\release\ui.obj
c:\users\saq\source\repos\dx_kadai\tateshooo_v4\window\release\title.obj
c:\users\saq\source\repos\dx_kadai\tateshooo_v4\window\release\texture.obj
c:\users\saq\source\repos\dx_kadai\tateshooo_v4\window\release\system_timer.obj
c:\users\saq\source\repos\dx_kadai\tateshooo_v4\window\release\stage.obj
c:\users\saq\source\repos\dx_kadai\tateshooo_v4\window\release\sprite.obj
c:\users\saq\source\repos\dx_kadai\tateshooo_v4\window\release\sound.obj
c:\users\saq\source\repos\dx_kadai\tateshooo_v4\window\release\score.obj
c:\users\saq\source\repos\dx_kadai\tateshooo_v4\window\release\result.obj
c:\users\saq\source\repos\dx_kadai\tateshooo_v4\release\window.ipdb
c:\users\saq\source\repos\dx_kadai\tateshooo_v4\release\window.iobj
c:\users\saq\source\repos\dx_kadai\tateshooo_v4\release\window.pdb
c:\users\saq\source\repos\dx_kadai\tateshooo_v4\window\release\window.tlog\cl.command.1.tlog
c:\users\saq\source\repos\dx_kadai\tateshooo_v4\window\release\window.tlog\cl.read.1.tlog
c:\users\saq\source\repos\dx_kadai\tateshooo_v4\window\release\window.tlog\cl.write.1.tlog
c:\users\saq\source\repos\dx_kadai\tateshooo_v4\window\release\window.tlog\link.command.1.tlog
c:\users\saq\source\repos\dx_kadai\tateshooo_v4\window\release\window.tlog\link.read.1.tlog
c:\users\saq\source\repos\dx_kadai\tateshooo_v4\window\release\window.tlog\link.write.1.tlog
c:\users\saq\source\repos\dx_kadai\tateshooo_v4\window\release\window.tlog\window.write.1u.tlog
